{
  "stats": {
    "suites": 12,
    "tests": 35,
    "passes": 35,
    "pending": 0,
    "failures": 0,
    "start": "2017-11-14T05:15:54.069Z",
    "end": "2017-11-14T05:16:30.467Z",
    "duration": 36398,
    "testsRegistered": 35,
    "passPercent": 100,
    "pendingPercent": 0,
    "other": 0,
    "hasOther": false,
    "skipped": 0,
    "hasSkipped": false,
    "passPercentClass": "success",
    "pendingPercentClass": "danger"
  },
  "suites": {
    "title": "",
    "suites": [
      {
        "title": "MockContribution",
        "suites": [],
        "tests": [],
        "pending": [],
        "root": false,
        "_timeout": 2000,
        "uuid": "c65bda5b-e128-446b-9e8d-4679ab6c28fa",
        "beforeHooks": [
          {
            "title": "\"before all\" hook: prepare suite",
            "fullTitle": "MockContribution \"before all\" hook: prepare suite",
            "timedOut": false,
            "duration": 0,
            "pass": false,
            "fail": false,
            "pending": false,
            "code": "series([\n  runner.initialize.bind(runner),\n  self.compileNewAbstractInterface.bind(this, runner),\n  self.deployTestDependencies.bind(this, abstraction, dependency_paths, runner)\n], done);",
            "err": {},
            "isRoot": false,
            "uuid": "b69f3da6-f082-4216-8b3e-6cad3994aff9",
            "parentUUID": "c65bda5b-e128-446b-9e8d-4679ab6c28fa",
            "isHook": true,
            "skipped": false
          },
          {
            "title": "\"before each\" hook: before test",
            "fullTitle": "MockContribution \"before each\" hook: before test",
            "timedOut": false,
            "duration": 0,
            "pass": false,
            "fail": false,
            "pending": false,
            "code": "runner.startTest(this, done);",
            "err": {},
            "isRoot": false,
            "uuid": "1294548d-291a-4726-9645-28002afff870",
            "parentUUID": "c65bda5b-e128-446b-9e8d-4679ab6c28fa",
            "isHook": true,
            "skipped": false
          }
        ],
        "afterHooks": [
          {
            "title": "\"after each\" hook: after test",
            "fullTitle": "MockContribution \"after each\" hook: after test",
            "timedOut": false,
            "duration": 0,
            "pass": false,
            "fail": false,
            "pending": false,
            "code": "runner.endTest(this, done);",
            "err": {},
            "isRoot": false,
            "uuid": "57e01d55-1dbf-4668-9918-ce9021190832",
            "parentUUID": "c65bda5b-e128-446b-9e8d-4679ab6c28fa",
            "isHook": true,
            "skipped": false
          }
        ],
        "fullFile": "",
        "file": "",
        "passes": [],
        "failures": [],
        "skipped": [],
        "hasBeforeHooks": true,
        "hasAfterHooks": true,
        "hasTests": false,
        "hasSuites": false,
        "totalTests": 0,
        "totalPasses": 0,
        "totalFailures": 0,
        "totalPending": 0,
        "totalSkipped": 0,
        "hasPasses": false,
        "hasFailures": false,
        "hasPending": false,
        "hasSkipped": false,
        "duration": 0,
        "rootEmpty": false
      },
      {
        "title": "MockExchanger",
        "suites": [],
        "tests": [],
        "pending": [],
        "root": false,
        "_timeout": 2000,
        "uuid": "ae90b056-03aa-47d4-84cf-c39541917dc7",
        "beforeHooks": [
          {
            "title": "\"before all\" hook: prepare suite",
            "fullTitle": "MockExchanger \"before all\" hook: prepare suite",
            "timedOut": false,
            "duration": 0,
            "pass": false,
            "fail": false,
            "pending": false,
            "code": "series([\n  runner.initialize.bind(runner),\n  self.compileNewAbstractInterface.bind(this, runner),\n  self.deployTestDependencies.bind(this, abstraction, dependency_paths, runner)\n], done);",
            "err": {},
            "isRoot": false,
            "uuid": "c6b30b19-f374-4592-bb68-aac7f4e9ba55",
            "parentUUID": "ae90b056-03aa-47d4-84cf-c39541917dc7",
            "isHook": true,
            "skipped": false
          },
          {
            "title": "\"before each\" hook: before test",
            "fullTitle": "MockExchanger \"before each\" hook: before test",
            "timedOut": false,
            "duration": 0,
            "pass": false,
            "fail": false,
            "pending": false,
            "code": "runner.startTest(this, done);",
            "err": {},
            "isRoot": false,
            "uuid": "22e15b74-bf9a-445d-a61c-1c3fe2b2c8ae",
            "parentUUID": "ae90b056-03aa-47d4-84cf-c39541917dc7",
            "isHook": true,
            "skipped": false
          }
        ],
        "afterHooks": [
          {
            "title": "\"after each\" hook: after test",
            "fullTitle": "MockExchanger \"after each\" hook: after test",
            "timedOut": false,
            "duration": 0,
            "pass": false,
            "fail": false,
            "pending": false,
            "code": "runner.endTest(this, done);",
            "err": {},
            "isRoot": false,
            "uuid": "c1f088fe-ebf6-432e-ba15-ecbc5e1f6d9a",
            "parentUUID": "ae90b056-03aa-47d4-84cf-c39541917dc7",
            "isHook": true,
            "skipped": false
          }
        ],
        "fullFile": "",
        "file": "",
        "passes": [],
        "failures": [],
        "skipped": [],
        "hasBeforeHooks": true,
        "hasAfterHooks": true,
        "hasTests": false,
        "hasSuites": false,
        "totalTests": 0,
        "totalPasses": 0,
        "totalFailures": 0,
        "totalPending": 0,
        "totalSkipped": 0,
        "hasPasses": false,
        "hasFailures": false,
        "hasPending": false,
        "hasSkipped": false,
        "duration": 0,
        "rootEmpty": false
      },
      {
        "title": "MockRemainderTokenHolder",
        "suites": [],
        "tests": [],
        "pending": [],
        "root": false,
        "_timeout": 2000,
        "uuid": "07af41a1-79f1-45d2-9767-c374b9d695bc",
        "beforeHooks": [
          {
            "title": "\"before all\" hook: prepare suite",
            "fullTitle": "MockRemainderTokenHolder \"before all\" hook: prepare suite",
            "timedOut": false,
            "duration": 0,
            "pass": false,
            "fail": false,
            "pending": false,
            "code": "series([\n  runner.initialize.bind(runner),\n  self.compileNewAbstractInterface.bind(this, runner),\n  self.deployTestDependencies.bind(this, abstraction, dependency_paths, runner)\n], done);",
            "err": {},
            "isRoot": false,
            "uuid": "3b2755c1-5b7d-4e67-923b-1edfdd2a0d2f",
            "parentUUID": "07af41a1-79f1-45d2-9767-c374b9d695bc",
            "isHook": true,
            "skipped": false
          },
          {
            "title": "\"before each\" hook: before test",
            "fullTitle": "MockRemainderTokenHolder \"before each\" hook: before test",
            "timedOut": false,
            "duration": 0,
            "pass": false,
            "fail": false,
            "pending": false,
            "code": "runner.startTest(this, done);",
            "err": {},
            "isRoot": false,
            "uuid": "806b4d19-8104-4b8d-bccf-8bc3b76a2ad7",
            "parentUUID": "07af41a1-79f1-45d2-9767-c374b9d695bc",
            "isHook": true,
            "skipped": false
          }
        ],
        "afterHooks": [
          {
            "title": "\"after each\" hook: after test",
            "fullTitle": "MockRemainderTokenHolder \"after each\" hook: after test",
            "timedOut": false,
            "duration": 0,
            "pass": false,
            "fail": false,
            "pending": false,
            "code": "runner.endTest(this, done);",
            "err": {},
            "isRoot": false,
            "uuid": "a10002f5-d771-4a81-9f99-1b3029234380",
            "parentUUID": "07af41a1-79f1-45d2-9767-c374b9d695bc",
            "isHook": true,
            "skipped": false
          }
        ],
        "fullFile": "",
        "file": "",
        "passes": [],
        "failures": [],
        "skipped": [],
        "hasBeforeHooks": true,
        "hasAfterHooks": true,
        "hasTests": false,
        "hasSuites": false,
        "totalTests": 0,
        "totalPasses": 0,
        "totalFailures": 0,
        "totalPending": 0,
        "totalSkipped": 0,
        "hasPasses": false,
        "hasFailures": false,
        "hasPending": false,
        "hasSkipped": false,
        "duration": 0,
        "rootEmpty": false
      },
      {
        "title": "Contract: Contribution",
        "suites": [
          {
            "title": "#initialize",
            "suites": [],
            "tests": [
              {
                "title": "happy path",
                "fullTitle": "Contract: Contribution #initialize happy path",
                "timedOut": false,
                "duration": 659,
                "state": "passed",
                "speed": "slow",
                "pass": true,
                "fail": false,
                "pending": false,
                "code": "step(\"throw\", err); }); } } return step(\"next\"); });",
                "err": {},
                "isRoot": false,
                "uuid": "77f6131e-b51c-4a25-b58c-c306a0bc25d9",
                "parentUUID": "b4300a67-58f5-4d44-a926-52c3b1f44632",
                "isHook": false,
                "skipped": false
              },
              {
                "title": "throws when you try to dobule initialize",
                "fullTitle": "Contract: Contribution #initialize throws when you try to dobule initialize",
                "timedOut": false,
                "duration": 422,
                "state": "passed",
                "speed": "slow",
                "pass": true,
                "fail": false,
                "pending": false,
                "code": "step(\"throw\", err); }); } } return step(\"next\"); });",
                "err": {},
                "isRoot": false,
                "uuid": "b0ede767-76e8-48a5-a517-8ae6434403af",
                "parentUUID": "b4300a67-58f5-4d44-a926-52c3b1f44632",
                "isHook": false,
                "skipped": false
              },
              {
                "title": "throws when controller of aix is not contribution",
                "fullTitle": "Contract: Contribution #initialize throws when controller of aix is not contribution",
                "timedOut": false,
                "duration": 226,
                "state": "passed",
                "speed": "slow",
                "pass": true,
                "fail": false,
                "pending": false,
                "code": "step(\"throw\", err); }); } } return step(\"next\"); });",
                "err": {},
                "isRoot": false,
                "uuid": "d2ffc5d2-8767-4371-b30c-497e3f0d209c",
                "parentUUID": "b4300a67-58f5-4d44-a926-52c3b1f44632",
                "isHook": false,
                "skipped": false
              },
              {
                "title": "throws startTime is less then currentTime",
                "fullTitle": "Contract: Contribution #initialize throws startTime is less then currentTime",
                "timedOut": false,
                "duration": 266,
                "state": "passed",
                "speed": "slow",
                "pass": true,
                "fail": false,
                "pending": false,
                "code": "step(\"throw\", err); }); } } return step(\"next\"); });",
                "err": {},
                "isRoot": false,
                "uuid": "6dcfcafe-0a46-4884-9e9e-67880f755895",
                "parentUUID": "b4300a67-58f5-4d44-a926-52c3b1f44632",
                "isHook": false,
                "skipped": false
              },
              {
                "title": "throws totalWeiCap is 0",
                "fullTitle": "Contract: Contribution #initialize throws totalWeiCap is 0",
                "timedOut": false,
                "duration": 300,
                "state": "passed",
                "speed": "slow",
                "pass": true,
                "fail": false,
                "pending": false,
                "code": "step(\"throw\", err); }); } } return step(\"next\"); });",
                "err": {},
                "isRoot": false,
                "uuid": "e64e3aa1-ec29-440f-8017-bfaee4c84eda",
                "parentUUID": "b4300a67-58f5-4d44-a926-52c3b1f44632",
                "isHook": false,
                "skipped": false
              },
              {
                "title": "throws when startTime > endTime",
                "fullTitle": "Contract: Contribution #initialize throws when startTime > endTime",
                "timedOut": false,
                "duration": 285,
                "state": "passed",
                "speed": "slow",
                "pass": true,
                "fail": false,
                "pending": false,
                "code": "step(\"throw\", err); }); } } return step(\"next\"); });",
                "err": {},
                "isRoot": false,
                "uuid": "f2105ff5-98d5-430d-9696-4502f12feb09",
                "parentUUID": "b4300a67-58f5-4d44-a926-52c3b1f44632",
                "isHook": false,
                "skipped": false
              },
              {
                "title": "White and blacklisting investors",
                "fullTitle": "Contract: Contribution #initialize White and blacklisting investors",
                "timedOut": false,
                "duration": 226,
                "state": "passed",
                "speed": "slow",
                "pass": true,
                "fail": false,
                "pending": false,
                "code": "step(\"throw\", err); }); } } return step(\"next\"); });",
                "err": {},
                "isRoot": false,
                "uuid": "0869e262-2795-44fc-94c4-25d6c5c41343",
                "parentUUID": "b4300a67-58f5-4d44-a926-52c3b1f44632",
                "isHook": false,
                "skipped": false
              }
            ],
            "pending": [],
            "root": false,
            "_timeout": 300000,
            "file": "/test/contribution_test.js",
            "uuid": "b4300a67-58f5-4d44-a926-52c3b1f44632",
            "beforeHooks": [
              {
                "title": "\"before each\" hook",
                "fullTitle": "Contract: Contribution #initialize \"before each\" hook",
                "timedOut": false,
                "duration": 577,
                "pass": false,
                "fail": false,
                "pending": false,
                "code": "step(\"throw\", err); }); } } return step(\"next\"); });",
                "err": {},
                "isRoot": false,
                "uuid": "a85a24ee-67f0-40de-aa1a-5ccf3d48eadf",
                "parentUUID": "b4300a67-58f5-4d44-a926-52c3b1f44632",
                "isHook": true,
                "skipped": false
              }
            ],
            "afterHooks": [],
            "fullFile": "/home/travis/build/BlockchainLabsNZ/aigang-contracts/test/contribution_test.js",
            "passes": [
              {
                "title": "happy path",
                "fullTitle": "Contract: Contribution #initialize happy path",
                "timedOut": false,
                "duration": 659,
                "state": "passed",
                "speed": "slow",
                "pass": true,
                "fail": false,
                "pending": false,
                "code": "step(\"throw\", err); }); } } return step(\"next\"); });",
                "err": {},
                "isRoot": false,
                "uuid": "77f6131e-b51c-4a25-b58c-c306a0bc25d9",
                "parentUUID": "b4300a67-58f5-4d44-a926-52c3b1f44632",
                "isHook": false,
                "skipped": false
              },
              {
                "title": "throws when you try to dobule initialize",
                "fullTitle": "Contract: Contribution #initialize throws when you try to dobule initialize",
                "timedOut": false,
                "duration": 422,
                "state": "passed",
                "speed": "slow",
                "pass": true,
                "fail": false,
                "pending": false,
                "code": "step(\"throw\", err); }); } } return step(\"next\"); });",
                "err": {},
                "isRoot": false,
                "uuid": "b0ede767-76e8-48a5-a517-8ae6434403af",
                "parentUUID": "b4300a67-58f5-4d44-a926-52c3b1f44632",
                "isHook": false,
                "skipped": false
              },
              {
                "title": "throws when controller of aix is not contribution",
                "fullTitle": "Contract: Contribution #initialize throws when controller of aix is not contribution",
                "timedOut": false,
                "duration": 226,
                "state": "passed",
                "speed": "slow",
                "pass": true,
                "fail": false,
                "pending": false,
                "code": "step(\"throw\", err); }); } } return step(\"next\"); });",
                "err": {},
                "isRoot": false,
                "uuid": "d2ffc5d2-8767-4371-b30c-497e3f0d209c",
                "parentUUID": "b4300a67-58f5-4d44-a926-52c3b1f44632",
                "isHook": false,
                "skipped": false
              },
              {
                "title": "throws startTime is less then currentTime",
                "fullTitle": "Contract: Contribution #initialize throws startTime is less then currentTime",
                "timedOut": false,
                "duration": 266,
                "state": "passed",
                "speed": "slow",
                "pass": true,
                "fail": false,
                "pending": false,
                "code": "step(\"throw\", err); }); } } return step(\"next\"); });",
                "err": {},
                "isRoot": false,
                "uuid": "6dcfcafe-0a46-4884-9e9e-67880f755895",
                "parentUUID": "b4300a67-58f5-4d44-a926-52c3b1f44632",
                "isHook": false,
                "skipped": false
              },
              {
                "title": "throws totalWeiCap is 0",
                "fullTitle": "Contract: Contribution #initialize throws totalWeiCap is 0",
                "timedOut": false,
                "duration": 300,
                "state": "passed",
                "speed": "slow",
                "pass": true,
                "fail": false,
                "pending": false,
                "code": "step(\"throw\", err); }); } } return step(\"next\"); });",
                "err": {},
                "isRoot": false,
                "uuid": "e64e3aa1-ec29-440f-8017-bfaee4c84eda",
                "parentUUID": "b4300a67-58f5-4d44-a926-52c3b1f44632",
                "isHook": false,
                "skipped": false
              },
              {
                "title": "throws when startTime > endTime",
                "fullTitle": "Contract: Contribution #initialize throws when startTime > endTime",
                "timedOut": false,
                "duration": 285,
                "state": "passed",
                "speed": "slow",
                "pass": true,
                "fail": false,
                "pending": false,
                "code": "step(\"throw\", err); }); } } return step(\"next\"); });",
                "err": {},
                "isRoot": false,
                "uuid": "f2105ff5-98d5-430d-9696-4502f12feb09",
                "parentUUID": "b4300a67-58f5-4d44-a926-52c3b1f44632",
                "isHook": false,
                "skipped": false
              },
              {
                "title": "White and blacklisting investors",
                "fullTitle": "Contract: Contribution #initialize White and blacklisting investors",
                "timedOut": false,
                "duration": 226,
                "state": "passed",
                "speed": "slow",
                "pass": true,
                "fail": false,
                "pending": false,
                "code": "step(\"throw\", err); }); } } return step(\"next\"); });",
                "err": {},
                "isRoot": false,
                "uuid": "0869e262-2795-44fc-94c4-25d6c5c41343",
                "parentUUID": "b4300a67-58f5-4d44-a926-52c3b1f44632",
                "isHook": false,
                "skipped": false
              }
            ],
            "failures": [],
            "skipped": [],
            "hasBeforeHooks": true,
            "hasAfterHooks": false,
            "hasTests": true,
            "hasSuites": false,
            "totalTests": 7,
            "totalPasses": 7,
            "totalFailures": 0,
            "totalPending": 0,
            "totalSkipped": 0,
            "hasPasses": true,
            "hasFailures": false,
            "hasPending": false,
            "hasSkipped": false,
            "duration": 2384,
            "rootEmpty": false
          },
          {
            "title": "#exchangeRate",
            "suites": [],
            "tests": [
              {
                "title": "calculates different discount rates based on time ",
                "fullTitle": "Contract: Contribution #exchangeRate calculates different discount rates based on time ",
                "timedOut": false,
                "duration": 362,
                "state": "passed",
                "speed": "slow",
                "pass": true,
                "fail": false,
                "pending": false,
                "code": "step(\"throw\", err); }); } } return step(\"next\"); });",
                "err": {},
                "isRoot": false,
                "uuid": "e8aa76ee-235b-4596-8878-021c0668ab06",
                "parentUUID": "8c2911ae-e6ab-4459-bdb4-28470e9176fc",
                "isHook": false,
                "skipped": false
              },
              {
                "title": "calculates different bonuses based on percentage",
                "fullTitle": "Contract: Contribution #exchangeRate calculates different bonuses based on percentage",
                "timedOut": false,
                "duration": 568,
                "state": "passed",
                "speed": "slow",
                "pass": true,
                "fail": false,
                "pending": false,
                "code": "step(\"throw\", err); }); } } return step(\"next\"); });",
                "err": {},
                "isRoot": false,
                "uuid": "e6f1343f-8840-4729-9829-8d142d571a72",
                "parentUUID": "8c2911ae-e6ab-4459-bdb4-28470e9176fc",
                "isHook": false,
                "skipped": false
              }
            ],
            "pending": [],
            "root": false,
            "_timeout": 300000,
            "file": "/test/contribution_test.js",
            "uuid": "8c2911ae-e6ab-4459-bdb4-28470e9176fc",
            "beforeHooks": [
              {
                "title": "\"before each\" hook",
                "fullTitle": "Contract: Contribution #exchangeRate \"before each\" hook",
                "timedOut": false,
                "duration": 655,
                "pass": false,
                "fail": false,
                "pending": false,
                "code": "step(\"throw\", err); }); } } return step(\"next\"); });",
                "err": {},
                "isRoot": false,
                "uuid": "dcc69314-5b3d-4e00-a217-4208f6a12fa2",
                "parentUUID": "8c2911ae-e6ab-4459-bdb4-28470e9176fc",
                "isHook": true,
                "skipped": false
              }
            ],
            "afterHooks": [],
            "fullFile": "/home/travis/build/BlockchainLabsNZ/aigang-contracts/test/contribution_test.js",
            "passes": [
              {
                "title": "calculates different discount rates based on time ",
                "fullTitle": "Contract: Contribution #exchangeRate calculates different discount rates based on time ",
                "timedOut": false,
                "duration": 362,
                "state": "passed",
                "speed": "slow",
                "pass": true,
                "fail": false,
                "pending": false,
                "code": "step(\"throw\", err); }); } } return step(\"next\"); });",
                "err": {},
                "isRoot": false,
                "uuid": "e8aa76ee-235b-4596-8878-021c0668ab06",
                "parentUUID": "8c2911ae-e6ab-4459-bdb4-28470e9176fc",
                "isHook": false,
                "skipped": false
              },
              {
                "title": "calculates different bonuses based on percentage",
                "fullTitle": "Contract: Contribution #exchangeRate calculates different bonuses based on percentage",
                "timedOut": false,
                "duration": 568,
                "state": "passed",
                "speed": "slow",
                "pass": true,
                "fail": false,
                "pending": false,
                "code": "step(\"throw\", err); }); } } return step(\"next\"); });",
                "err": {},
                "isRoot": false,
                "uuid": "e6f1343f-8840-4729-9829-8d142d571a72",
                "parentUUID": "8c2911ae-e6ab-4459-bdb4-28470e9176fc",
                "isHook": false,
                "skipped": false
              }
            ],
            "failures": [],
            "skipped": [],
            "hasBeforeHooks": true,
            "hasAfterHooks": false,
            "hasTests": true,
            "hasSuites": false,
            "totalTests": 2,
            "totalPasses": 2,
            "totalFailures": 0,
            "totalPending": 0,
            "totalSkipped": 0,
            "hasPasses": true,
            "hasFailures": false,
            "hasPending": false,
            "hasSkipped": false,
            "duration": 930,
            "rootEmpty": false
          },
          {
            "title": "#proxyPayment",
            "suites": [],
            "tests": [
              {
                "title": "happy path with fallback",
                "fullTitle": "Contract: Contribution #proxyPayment happy path with fallback",
                "timedOut": false,
                "duration": 446,
                "state": "passed",
                "speed": "slow",
                "pass": true,
                "fail": false,
                "pending": false,
                "code": "step(\"throw\", err); }); } } return step(\"next\"); });",
                "err": {},
                "isRoot": false,
                "uuid": "5ee587a4-da2d-4b1a-9e57-241eec4f075d",
                "parentUUID": "05a54fd3-50a1-415e-a88b-95a2844f8a55",
                "isHook": false,
                "skipped": false
              },
              {
                "title": "throws when below sendingAmount",
                "fullTitle": "Contract: Contribution #proxyPayment throws when below sendingAmount",
                "timedOut": false,
                "duration": 267,
                "state": "passed",
                "speed": "slow",
                "pass": true,
                "fail": false,
                "pending": false,
                "code": "step(\"throw\", err); }); } } return step(\"next\"); });",
                "err": {},
                "isRoot": false,
                "uuid": "4bae09f1-2dd4-47e5-ad51-41aca26cae87",
                "parentUUID": "05a54fd3-50a1-415e-a88b-95a2844f8a55",
                "isHook": false,
                "skipped": false
              },
              {
                "title": "accepts 0.01 ether",
                "fullTitle": "Contract: Contribution #proxyPayment accepts 0.01 ether",
                "timedOut": false,
                "duration": 214,
                "state": "passed",
                "speed": "slow",
                "pass": true,
                "fail": false,
                "pending": false,
                "code": "step(\"throw\", err); }); } } return step(\"next\"); });",
                "err": {},
                "isRoot": false,
                "uuid": "a263e923-8ab9-463b-bba9-39ed6cc3b80d",
                "parentUUID": "05a54fd3-50a1-415e-a88b-95a2844f8a55",
                "isHook": false,
                "skipped": false
              },
              {
                "title": "allows multisig to buy tokens",
                "fullTitle": "Contract: Contribution #proxyPayment allows multisig to buy tokens",
                "timedOut": false,
                "duration": 489,
                "state": "passed",
                "speed": "slow",
                "pass": true,
                "fail": false,
                "pending": false,
                "code": "step(\"throw\", err); }); } } return step(\"next\"); });",
                "err": {},
                "isRoot": false,
                "uuid": "e3be67fe-37bd-4c42-b20c-e177dfd5ae02",
                "parentUUID": "05a54fd3-50a1-415e-a88b-95a2844f8a55",
                "isHook": false,
                "skipped": false
              },
              {
                "title": "contribution wallet should receive funds",
                "fullTitle": "Contract: Contribution #proxyPayment contribution wallet should receive funds",
                "timedOut": false,
                "duration": 633,
                "state": "passed",
                "speed": "slow",
                "pass": true,
                "fail": false,
                "pending": false,
                "code": "step(\"throw\", err); }); } } return step(\"next\"); });",
                "err": {},
                "isRoot": false,
                "uuid": "cf12a47e-1b42-40ad-8302-80715ba032b9",
                "parentUUID": "05a54fd3-50a1-415e-a88b-95a2844f8a55",
                "isHook": false,
                "skipped": false
              },
              {
                "title": "throws when endDate is reached",
                "fullTitle": "Contract: Contribution #proxyPayment throws when endDate is reached",
                "timedOut": false,
                "duration": 219,
                "state": "passed",
                "speed": "slow",
                "pass": true,
                "fail": false,
                "pending": false,
                "code": "step(\"throw\", err); }); } } return step(\"next\"); });",
                "err": {},
                "isRoot": false,
                "uuid": "6088a1cd-9c26-4a73-8e10-9c3eee46a1eb",
                "parentUUID": "05a54fd3-50a1-415e-a88b-95a2844f8a55",
                "isHook": false,
                "skipped": false
              },
              {
                "title": "sends change back to investors if he buys more than cap",
                "fullTitle": "Contract: Contribution #proxyPayment sends change back to investors if he buys more than cap",
                "timedOut": false,
                "duration": 1217,
                "state": "passed",
                "speed": "slow",
                "pass": true,
                "fail": false,
                "pending": false,
                "code": "step(\"throw\", err); }); } } return step(\"next\"); });",
                "err": {},
                "isRoot": false,
                "uuid": "ce865b09-b843-47c0-b2d4-855366290838",
                "parentUUID": "05a54fd3-50a1-415e-a88b-95a2844f8a55",
                "isHook": false,
                "skipped": false
              }
            ],
            "pending": [],
            "root": false,
            "_timeout": 300000,
            "file": "/test/contribution_test.js",
            "uuid": "05a54fd3-50a1-415e-a88b-95a2844f8a55",
            "beforeHooks": [
              {
                "title": "\"before each\" hook",
                "fullTitle": "Contract: Contribution #proxyPayment \"before each\" hook",
                "timedOut": false,
                "duration": 607,
                "pass": false,
                "fail": false,
                "pending": false,
                "code": "step(\"throw\", err); }); } } return step(\"next\"); });",
                "err": {},
                "isRoot": false,
                "uuid": "c6891bd2-25bc-42f6-bc59-594f61c6047b",
                "parentUUID": "05a54fd3-50a1-415e-a88b-95a2844f8a55",
                "isHook": true,
                "skipped": false
              }
            ],
            "afterHooks": [],
            "fullFile": "/home/travis/build/BlockchainLabsNZ/aigang-contracts/test/contribution_test.js",
            "passes": [
              {
                "title": "happy path with fallback",
                "fullTitle": "Contract: Contribution #proxyPayment happy path with fallback",
                "timedOut": false,
                "duration": 446,
                "state": "passed",
                "speed": "slow",
                "pass": true,
                "fail": false,
                "pending": false,
                "code": "step(\"throw\", err); }); } } return step(\"next\"); });",
                "err": {},
                "isRoot": false,
                "uuid": "5ee587a4-da2d-4b1a-9e57-241eec4f075d",
                "parentUUID": "05a54fd3-50a1-415e-a88b-95a2844f8a55",
                "isHook": false,
                "skipped": false
              },
              {
                "title": "throws when below sendingAmount",
                "fullTitle": "Contract: Contribution #proxyPayment throws when below sendingAmount",
                "timedOut": false,
                "duration": 267,
                "state": "passed",
                "speed": "slow",
                "pass": true,
                "fail": false,
                "pending": false,
                "code": "step(\"throw\", err); }); } } return step(\"next\"); });",
                "err": {},
                "isRoot": false,
                "uuid": "4bae09f1-2dd4-47e5-ad51-41aca26cae87",
                "parentUUID": "05a54fd3-50a1-415e-a88b-95a2844f8a55",
                "isHook": false,
                "skipped": false
              },
              {
                "title": "accepts 0.01 ether",
                "fullTitle": "Contract: Contribution #proxyPayment accepts 0.01 ether",
                "timedOut": false,
                "duration": 214,
                "state": "passed",
                "speed": "slow",
                "pass": true,
                "fail": false,
                "pending": false,
                "code": "step(\"throw\", err); }); } } return step(\"next\"); });",
                "err": {},
                "isRoot": false,
                "uuid": "a263e923-8ab9-463b-bba9-39ed6cc3b80d",
                "parentUUID": "05a54fd3-50a1-415e-a88b-95a2844f8a55",
                "isHook": false,
                "skipped": false
              },
              {
                "title": "allows multisig to buy tokens",
                "fullTitle": "Contract: Contribution #proxyPayment allows multisig to buy tokens",
                "timedOut": false,
                "duration": 489,
                "state": "passed",
                "speed": "slow",
                "pass": true,
                "fail": false,
                "pending": false,
                "code": "step(\"throw\", err); }); } } return step(\"next\"); });",
                "err": {},
                "isRoot": false,
                "uuid": "e3be67fe-37bd-4c42-b20c-e177dfd5ae02",
                "parentUUID": "05a54fd3-50a1-415e-a88b-95a2844f8a55",
                "isHook": false,
                "skipped": false
              },
              {
                "title": "contribution wallet should receive funds",
                "fullTitle": "Contract: Contribution #proxyPayment contribution wallet should receive funds",
                "timedOut": false,
                "duration": 633,
                "state": "passed",
                "speed": "slow",
                "pass": true,
                "fail": false,
                "pending": false,
                "code": "step(\"throw\", err); }); } } return step(\"next\"); });",
                "err": {},
                "isRoot": false,
                "uuid": "cf12a47e-1b42-40ad-8302-80715ba032b9",
                "parentUUID": "05a54fd3-50a1-415e-a88b-95a2844f8a55",
                "isHook": false,
                "skipped": false
              },
              {
                "title": "throws when endDate is reached",
                "fullTitle": "Contract: Contribution #proxyPayment throws when endDate is reached",
                "timedOut": false,
                "duration": 219,
                "state": "passed",
                "speed": "slow",
                "pass": true,
                "fail": false,
                "pending": false,
                "code": "step(\"throw\", err); }); } } return step(\"next\"); });",
                "err": {},
                "isRoot": false,
                "uuid": "6088a1cd-9c26-4a73-8e10-9c3eee46a1eb",
                "parentUUID": "05a54fd3-50a1-415e-a88b-95a2844f8a55",
                "isHook": false,
                "skipped": false
              },
              {
                "title": "sends change back to investors if he buys more than cap",
                "fullTitle": "Contract: Contribution #proxyPayment sends change back to investors if he buys more than cap",
                "timedOut": false,
                "duration": 1217,
                "state": "passed",
                "speed": "slow",
                "pass": true,
                "fail": false,
                "pending": false,
                "code": "step(\"throw\", err); }); } } return step(\"next\"); });",
                "err": {},
                "isRoot": false,
                "uuid": "ce865b09-b843-47c0-b2d4-855366290838",
                "parentUUID": "05a54fd3-50a1-415e-a88b-95a2844f8a55",
                "isHook": false,
                "skipped": false
              }
            ],
            "failures": [],
            "skipped": [],
            "hasBeforeHooks": true,
            "hasAfterHooks": false,
            "hasTests": true,
            "hasSuites": false,
            "totalTests": 7,
            "totalPasses": 7,
            "totalFailures": 0,
            "totalPending": 0,
            "totalSkipped": 0,
            "hasPasses": true,
            "hasFailures": false,
            "hasPending": false,
            "hasSkipped": false,
            "duration": 3485,
            "rootEmpty": false
          },
          {
            "title": "the rest",
            "suites": [
              {
                "title": "#allowTransfers",
                "suites": [],
                "tests": [
                  {
                    "title": "if false, no transfers should be allowed",
                    "fullTitle": "the rest #allowTransfers if false, no transfers should be allowed",
                    "timedOut": false,
                    "duration": 747,
                    "state": "passed",
                    "speed": "slow",
                    "pass": true,
                    "fail": false,
                    "pending": false,
                    "code": "step(\"throw\", err); }); } } return step(\"next\"); });",
                    "err": {},
                    "isRoot": false,
                    "uuid": "a7a41f8b-0f37-4068-925f-90c0e6a6c5ca",
                    "parentUUID": "cf64bbe6-3ca4-481e-a74c-6744ec79d12e",
                    "isHook": false,
                    "skipped": false
                  }
                ],
                "pending": [],
                "root": false,
                "_timeout": 300000,
                "file": "/test/contribution_test.js",
                "uuid": "cf64bbe6-3ca4-481e-a74c-6744ec79d12e",
                "beforeHooks": [],
                "afterHooks": [],
                "fullFile": "/home/travis/build/BlockchainLabsNZ/aigang-contracts/test/contribution_test.js",
                "passes": [
                  {
                    "title": "if false, no transfers should be allowed",
                    "fullTitle": "the rest #allowTransfers if false, no transfers should be allowed",
                    "timedOut": false,
                    "duration": 747,
                    "state": "passed",
                    "speed": "slow",
                    "pass": true,
                    "fail": false,
                    "pending": false,
                    "code": "step(\"throw\", err); }); } } return step(\"next\"); });",
                    "err": {},
                    "isRoot": false,
                    "uuid": "a7a41f8b-0f37-4068-925f-90c0e6a6c5ca",
                    "parentUUID": "cf64bbe6-3ca4-481e-a74c-6744ec79d12e",
                    "isHook": false,
                    "skipped": false
                  }
                ],
                "failures": [],
                "skipped": [],
                "hasBeforeHooks": false,
                "hasAfterHooks": false,
                "hasTests": true,
                "hasSuites": false,
                "totalTests": 1,
                "totalPasses": 1,
                "totalFailures": 0,
                "totalPending": 0,
                "totalSkipped": 0,
                "hasPasses": true,
                "hasFailures": false,
                "hasPending": false,
                "hasSkipped": false,
                "duration": 747,
                "rootEmpty": false
              },
              {
                "title": "#finalize",
                "suites": [],
                "tests": [
                  {
                    "title": "can only be called once",
                    "fullTitle": "the rest #finalize can only be called once",
                    "timedOut": false,
                    "duration": 367,
                    "state": "passed",
                    "speed": "slow",
                    "pass": true,
                    "fail": false,
                    "pending": false,
                    "code": "step(\"throw\", err); }); } } return step(\"next\"); });",
                    "err": {},
                    "isRoot": false,
                    "uuid": "95f3cff1-7659-4910-9836-dca93e5abfb3",
                    "parentUUID": "0fb94129-b4cc-46b8-9d1b-4b863caaa538",
                    "isHook": false,
                    "skipped": false
                  },
                  {
                    "title": "can be called by anyone after endTime",
                    "fullTitle": "the rest #finalize can be called by anyone after endTime",
                    "timedOut": false,
                    "duration": 395,
                    "state": "passed",
                    "speed": "slow",
                    "pass": true,
                    "fail": false,
                    "pending": false,
                    "code": "step(\"throw\", err); }); } } return step(\"next\"); });",
                    "err": {},
                    "isRoot": false,
                    "uuid": "20e7c8cc-368c-4d04-86af-172ffeaac1f5",
                    "parentUUID": "0fb94129-b4cc-46b8-9d1b-4b863caaa538",
                    "isHook": false,
                    "skipped": false
                  },
                  {
                    "title": "can be called when cap is met by anyone",
                    "fullTitle": "the rest #finalize can be called when cap is met by anyone",
                    "timedOut": false,
                    "duration": 336,
                    "state": "passed",
                    "speed": "slow",
                    "pass": true,
                    "fail": false,
                    "pending": false,
                    "code": "step(\"throw\", err); }); } } return step(\"next\"); });",
                    "err": {},
                    "isRoot": false,
                    "uuid": "9084dc8b-77de-4d89-a373-2a7ee2c55865",
                    "parentUUID": "0fb94129-b4cc-46b8-9d1b-4b863caaa538",
                    "isHook": false,
                    "skipped": false
                  },
                  {
                    "title": "generates tokens to wallets",
                    "fullTitle": "the rest #finalize generates tokens to wallets",
                    "timedOut": false,
                    "duration": 562,
                    "state": "passed",
                    "speed": "slow",
                    "pass": true,
                    "fail": false,
                    "pending": false,
                    "code": "step(\"throw\", err); }); } } return step(\"next\"); });",
                    "err": {},
                    "isRoot": false,
                    "uuid": "78358192-a7fa-4577-bced-417500258322",
                    "parentUUID": "0fb94129-b4cc-46b8-9d1b-4b863caaa538",
                    "isHook": false,
                    "skipped": false
                  }
                ],
                "pending": [],
                "root": false,
                "_timeout": 300000,
                "file": "/test/contribution_test.js",
                "uuid": "0fb94129-b4cc-46b8-9d1b-4b863caaa538",
                "beforeHooks": [],
                "afterHooks": [],
                "fullFile": "/home/travis/build/BlockchainLabsNZ/aigang-contracts/test/contribution_test.js",
                "passes": [
                  {
                    "title": "can only be called once",
                    "fullTitle": "the rest #finalize can only be called once",
                    "timedOut": false,
                    "duration": 367,
                    "state": "passed",
                    "speed": "slow",
                    "pass": true,
                    "fail": false,
                    "pending": false,
                    "code": "step(\"throw\", err); }); } } return step(\"next\"); });",
                    "err": {},
                    "isRoot": false,
                    "uuid": "95f3cff1-7659-4910-9836-dca93e5abfb3",
                    "parentUUID": "0fb94129-b4cc-46b8-9d1b-4b863caaa538",
                    "isHook": false,
                    "skipped": false
                  },
                  {
                    "title": "can be called by anyone after endTime",
                    "fullTitle": "the rest #finalize can be called by anyone after endTime",
                    "timedOut": false,
                    "duration": 395,
                    "state": "passed",
                    "speed": "slow",
                    "pass": true,
                    "fail": false,
                    "pending": false,
                    "code": "step(\"throw\", err); }); } } return step(\"next\"); });",
                    "err": {},
                    "isRoot": false,
                    "uuid": "20e7c8cc-368c-4d04-86af-172ffeaac1f5",
                    "parentUUID": "0fb94129-b4cc-46b8-9d1b-4b863caaa538",
                    "isHook": false,
                    "skipped": false
                  },
                  {
                    "title": "can be called when cap is met by anyone",
                    "fullTitle": "the rest #finalize can be called when cap is met by anyone",
                    "timedOut": false,
                    "duration": 336,
                    "state": "passed",
                    "speed": "slow",
                    "pass": true,
                    "fail": false,
                    "pending": false,
                    "code": "step(\"throw\", err); }); } } return step(\"next\"); });",
                    "err": {},
                    "isRoot": false,
                    "uuid": "9084dc8b-77de-4d89-a373-2a7ee2c55865",
                    "parentUUID": "0fb94129-b4cc-46b8-9d1b-4b863caaa538",
                    "isHook": false,
                    "skipped": false
                  },
                  {
                    "title": "generates tokens to wallets",
                    "fullTitle": "the rest #finalize generates tokens to wallets",
                    "timedOut": false,
                    "duration": 562,
                    "state": "passed",
                    "speed": "slow",
                    "pass": true,
                    "fail": false,
                    "pending": false,
                    "code": "step(\"throw\", err); }); } } return step(\"next\"); });",
                    "err": {},
                    "isRoot": false,
                    "uuid": "78358192-a7fa-4577-bced-417500258322",
                    "parentUUID": "0fb94129-b4cc-46b8-9d1b-4b863caaa538",
                    "isHook": false,
                    "skipped": false
                  }
                ],
                "failures": [],
                "skipped": [],
                "hasBeforeHooks": false,
                "hasAfterHooks": false,
                "hasTests": true,
                "hasSuites": false,
                "totalTests": 4,
                "totalPasses": 4,
                "totalFailures": 0,
                "totalPending": 0,
                "totalSkipped": 0,
                "hasPasses": true,
                "hasFailures": false,
                "hasPending": false,
                "hasSkipped": false,
                "duration": 1660,
                "rootEmpty": false
              }
            ],
            "tests": [
              {
                "title": "#weiToCollect(investor) within first day sets a cap for every investor",
                "fullTitle": "Contract: Contribution the rest #weiToCollect(investor) within first day sets a cap for every investor",
                "timedOut": false,
                "duration": 357,
                "state": "passed",
                "speed": "slow",
                "pass": true,
                "fail": false,
                "pending": false,
                "code": "step(\"throw\", err); }); } } return step(\"next\"); });",
                "err": {},
                "isRoot": false,
                "uuid": "fdc46bf8-eace-4fd1-a8f0-3365b3578791",
                "parentUUID": "bfff532b-2194-41f2-ba2b-0399dc9df573",
                "isHook": false,
                "skipped": false
              },
              {
                "title": "#weiToCollect() returns remaining cap",
                "fullTitle": "Contract: Contribution the rest #weiToCollect() returns remaining cap",
                "timedOut": false,
                "duration": 254,
                "state": "passed",
                "speed": "slow",
                "pass": true,
                "fail": false,
                "pending": false,
                "code": "step(\"throw\", err); }); } } return step(\"next\"); });",
                "err": {},
                "isRoot": false,
                "uuid": "3184e2b5-6b84-470b-839a-7f3894b00cb9",
                "parentUUID": "bfff532b-2194-41f2-ba2b-0399dc9df573",
                "isHook": false,
                "skipped": false
              },
              {
                "title": "pauses contribution",
                "fullTitle": "Contract: Contribution the rest pauses contribution",
                "timedOut": false,
                "duration": 508,
                "state": "passed",
                "speed": "slow",
                "pass": true,
                "fail": false,
                "pending": false,
                "code": "step(\"throw\", err); }); } } return step(\"next\"); });",
                "err": {},
                "isRoot": false,
                "uuid": "d02fcd96-8abf-4bfb-9558-6a56336740a1",
                "parentUUID": "bfff532b-2194-41f2-ba2b-0399dc9df573",
                "isHook": false,
                "skipped": false
              }
            ],
            "pending": [],
            "root": false,
            "_timeout": 300000,
            "file": "/test/contribution_test.js",
            "uuid": "bfff532b-2194-41f2-ba2b-0399dc9df573",
            "beforeHooks": [
              {
                "title": "\"before each\" hook",
                "fullTitle": "Contract: Contribution the rest \"before each\" hook",
                "timedOut": false,
                "duration": 759,
                "pass": false,
                "fail": false,
                "pending": false,
                "code": "step(\"throw\", err); }); } } return step(\"next\"); });",
                "err": {},
                "isRoot": false,
                "uuid": "8083ed96-8ea0-4791-b6f6-217bb8cc9b03",
                "parentUUID": "bfff532b-2194-41f2-ba2b-0399dc9df573",
                "isHook": true,
                "skipped": false
              }
            ],
            "afterHooks": [],
            "fullFile": "/home/travis/build/BlockchainLabsNZ/aigang-contracts/test/contribution_test.js",
            "passes": [
              {
                "title": "#weiToCollect(investor) within first day sets a cap for every investor",
                "fullTitle": "Contract: Contribution the rest #weiToCollect(investor) within first day sets a cap for every investor",
                "timedOut": false,
                "duration": 357,
                "state": "passed",
                "speed": "slow",
                "pass": true,
                "fail": false,
                "pending": false,
                "code": "step(\"throw\", err); }); } } return step(\"next\"); });",
                "err": {},
                "isRoot": false,
                "uuid": "fdc46bf8-eace-4fd1-a8f0-3365b3578791",
                "parentUUID": "bfff532b-2194-41f2-ba2b-0399dc9df573",
                "isHook": false,
                "skipped": false
              },
              {
                "title": "#weiToCollect() returns remaining cap",
                "fullTitle": "Contract: Contribution the rest #weiToCollect() returns remaining cap",
                "timedOut": false,
                "duration": 254,
                "state": "passed",
                "speed": "slow",
                "pass": true,
                "fail": false,
                "pending": false,
                "code": "step(\"throw\", err); }); } } return step(\"next\"); });",
                "err": {},
                "isRoot": false,
                "uuid": "3184e2b5-6b84-470b-839a-7f3894b00cb9",
                "parentUUID": "bfff532b-2194-41f2-ba2b-0399dc9df573",
                "isHook": false,
                "skipped": false
              },
              {
                "title": "pauses contribution",
                "fullTitle": "Contract: Contribution the rest pauses contribution",
                "timedOut": false,
                "duration": 508,
                "state": "passed",
                "speed": "slow",
                "pass": true,
                "fail": false,
                "pending": false,
                "code": "step(\"throw\", err); }); } } return step(\"next\"); });",
                "err": {},
                "isRoot": false,
                "uuid": "d02fcd96-8abf-4bfb-9558-6a56336740a1",
                "parentUUID": "bfff532b-2194-41f2-ba2b-0399dc9df573",
                "isHook": false,
                "skipped": false
              }
            ],
            "failures": [],
            "skipped": [],
            "hasBeforeHooks": true,
            "hasAfterHooks": false,
            "hasTests": true,
            "hasSuites": true,
            "totalTests": 3,
            "totalPasses": 3,
            "totalFailures": 0,
            "totalPending": 0,
            "totalSkipped": 0,
            "hasPasses": true,
            "hasFailures": false,
            "hasPending": false,
            "hasSkipped": false,
            "duration": 1119,
            "rootEmpty": false
          },
          {
            "title": "#whitelistAddresses",
            "suites": [],
            "tests": [
              {
                "title": "should whitelist an array of addresses",
                "fullTitle": "Contract: Contribution #whitelistAddresses should whitelist an array of addresses",
                "timedOut": false,
                "duration": 378,
                "state": "passed",
                "speed": "slow",
                "pass": true,
                "fail": false,
                "pending": false,
                "code": "step(\"throw\", err); }); } } return step(\"next\"); });",
                "err": {},
                "isRoot": false,
                "uuid": "6f5b15f5-2875-422a-8c9b-e04ddc85061d",
                "parentUUID": "3e3c672a-6288-4aa9-b0ee-d1d104792461",
                "isHook": false,
                "skipped": false
              },
              {
                "title": "can only be called from controller",
                "fullTitle": "Contract: Contribution #whitelistAddresses can only be called from controller",
                "timedOut": false,
                "duration": 331,
                "state": "passed",
                "speed": "slow",
                "pass": true,
                "fail": false,
                "pending": false,
                "code": "step(\"throw\", err); }); } } return step(\"next\"); });",
                "err": {},
                "isRoot": false,
                "uuid": "c567d011-6cf6-4a31-be9c-a50d76304165",
                "parentUUID": "3e3c672a-6288-4aa9-b0ee-d1d104792461",
                "isHook": false,
                "skipped": false
              },
              {
                "title": "increments numWhitelistedInvestors when whitelisted",
                "fullTitle": "Contract: Contribution #whitelistAddresses increments numWhitelistedInvestors when whitelisted",
                "timedOut": false,
                "duration": 168,
                "state": "passed",
                "speed": "slow",
                "pass": true,
                "fail": false,
                "pending": false,
                "code": "step(\"throw\", err); }); } } return step(\"next\"); });",
                "err": {},
                "isRoot": false,
                "uuid": "5de5299c-f166-41a2-affd-a74f5995f8c3",
                "parentUUID": "3e3c672a-6288-4aa9-b0ee-d1d104792461",
                "isHook": false,
                "skipped": false
              },
              {
                "title": "decrements numWhitelistedInvestors when blacklisted",
                "fullTitle": "Contract: Contribution #whitelistAddresses decrements numWhitelistedInvestors when blacklisted",
                "timedOut": false,
                "duration": 229,
                "state": "passed",
                "speed": "slow",
                "pass": true,
                "fail": false,
                "pending": false,
                "code": "step(\"throw\", err); }); } } return step(\"next\"); });",
                "err": {},
                "isRoot": false,
                "uuid": "c027602b-8244-4470-a77e-3a32d15d7eba",
                "parentUUID": "3e3c672a-6288-4aa9-b0ee-d1d104792461",
                "isHook": false,
                "skipped": false
              }
            ],
            "pending": [],
            "root": false,
            "_timeout": 300000,
            "file": "/test/contribution_test.js",
            "uuid": "3e3c672a-6288-4aa9-b0ee-d1d104792461",
            "beforeHooks": [
              {
                "title": "\"before each\" hook",
                "fullTitle": "Contract: Contribution #whitelistAddresses \"before each\" hook",
                "timedOut": false,
                "duration": 142,
                "pass": false,
                "fail": false,
                "pending": false,
                "code": "step(\"throw\", err); }); } } return step(\"next\"); });",
                "err": {},
                "isRoot": false,
                "uuid": "745e67aa-841b-4d13-810f-10773d68399b",
                "parentUUID": "3e3c672a-6288-4aa9-b0ee-d1d104792461",
                "isHook": true,
                "skipped": false
              }
            ],
            "afterHooks": [],
            "fullFile": "/home/travis/build/BlockchainLabsNZ/aigang-contracts/test/contribution_test.js",
            "passes": [
              {
                "title": "should whitelist an array of addresses",
                "fullTitle": "Contract: Contribution #whitelistAddresses should whitelist an array of addresses",
                "timedOut": false,
                "duration": 378,
                "state": "passed",
                "speed": "slow",
                "pass": true,
                "fail": false,
                "pending": false,
                "code": "step(\"throw\", err); }); } } return step(\"next\"); });",
                "err": {},
                "isRoot": false,
                "uuid": "6f5b15f5-2875-422a-8c9b-e04ddc85061d",
                "parentUUID": "3e3c672a-6288-4aa9-b0ee-d1d104792461",
                "isHook": false,
                "skipped": false
              },
              {
                "title": "can only be called from controller",
                "fullTitle": "Contract: Contribution #whitelistAddresses can only be called from controller",
                "timedOut": false,
                "duration": 331,
                "state": "passed",
                "speed": "slow",
                "pass": true,
                "fail": false,
                "pending": false,
                "code": "step(\"throw\", err); }); } } return step(\"next\"); });",
                "err": {},
                "isRoot": false,
                "uuid": "c567d011-6cf6-4a31-be9c-a50d76304165",
                "parentUUID": "3e3c672a-6288-4aa9-b0ee-d1d104792461",
                "isHook": false,
                "skipped": false
              },
              {
                "title": "increments numWhitelistedInvestors when whitelisted",
                "fullTitle": "Contract: Contribution #whitelistAddresses increments numWhitelistedInvestors when whitelisted",
                "timedOut": false,
                "duration": 168,
                "state": "passed",
                "speed": "slow",
                "pass": true,
                "fail": false,
                "pending": false,
                "code": "step(\"throw\", err); }); } } return step(\"next\"); });",
                "err": {},
                "isRoot": false,
                "uuid": "5de5299c-f166-41a2-affd-a74f5995f8c3",
                "parentUUID": "3e3c672a-6288-4aa9-b0ee-d1d104792461",
                "isHook": false,
                "skipped": false
              },
              {
                "title": "decrements numWhitelistedInvestors when blacklisted",
                "fullTitle": "Contract: Contribution #whitelistAddresses decrements numWhitelistedInvestors when blacklisted",
                "timedOut": false,
                "duration": 229,
                "state": "passed",
                "speed": "slow",
                "pass": true,
                "fail": false,
                "pending": false,
                "code": "step(\"throw\", err); }); } } return step(\"next\"); });",
                "err": {},
                "isRoot": false,
                "uuid": "c027602b-8244-4470-a77e-3a32d15d7eba",
                "parentUUID": "3e3c672a-6288-4aa9-b0ee-d1d104792461",
                "isHook": false,
                "skipped": false
              }
            ],
            "failures": [],
            "skipped": [],
            "hasBeforeHooks": true,
            "hasAfterHooks": false,
            "hasTests": true,
            "hasSuites": false,
            "totalTests": 4,
            "totalPasses": 4,
            "totalFailures": 0,
            "totalPending": 0,
            "totalSkipped": 0,
            "hasPasses": true,
            "hasFailures": false,
            "hasPending": false,
            "hasSkipped": false,
            "duration": 1106,
            "rootEmpty": false
          }
        ],
        "tests": [
          {
            "title": "#constructor accepts MiniMe instance",
            "fullTitle": "Contract: Contribution #constructor accepts MiniMe instance",
            "timedOut": false,
            "duration": 120,
            "state": "passed",
            "speed": "slow",
            "pass": true,
            "fail": false,
            "pending": false,
            "code": "step(\"throw\", err); }); } } return step(\"next\"); });",
            "err": {},
            "isRoot": false,
            "uuid": "b57faa37-5d7c-410e-8a60-c6057e74d8a3",
            "parentUUID": "b44e8c7b-5a65-4512-850c-dbc718fceeaa",
            "isHook": false,
            "skipped": false
          }
        ],
        "pending": [],
        "root": false,
        "_timeout": 300000,
        "file": "/test/contribution_test.js",
        "uuid": "b44e8c7b-5a65-4512-850c-dbc718fceeaa",
        "beforeHooks": [
          {
            "title": "\"before all\" hook: prepare suite",
            "fullTitle": "Contract: Contribution \"before all\" hook: prepare suite",
            "timedOut": false,
            "duration": 21,
            "pass": false,
            "fail": false,
            "pending": false,
            "code": "this.timeout(runner.BEFORE_TIMEOUT);\nrunner.initialize(done);",
            "err": {},
            "isRoot": false,
            "uuid": "bd6405ab-bd5b-4e2f-8e6e-42643f9794eb",
            "parentUUID": "b44e8c7b-5a65-4512-850c-dbc718fceeaa",
            "isHook": true,
            "skipped": false
          },
          {
            "title": "\"before each\" hook: before test",
            "fullTitle": "Contract: Contribution \"before each\" hook: before test",
            "timedOut": false,
            "duration": 3,
            "pass": false,
            "fail": false,
            "pending": false,
            "code": "runner.startTest(this, done);",
            "err": {},
            "isRoot": false,
            "uuid": "6074557c-2c2c-4863-b74c-61361966682c",
            "parentUUID": "b44e8c7b-5a65-4512-850c-dbc718fceeaa",
            "isHook": true,
            "skipped": false
          }
        ],
        "afterHooks": [
          {
            "title": "\"after each\" hook: after test",
            "fullTitle": "Contract: Contribution \"after each\" hook: after test",
            "timedOut": false,
            "duration": 0,
            "pass": false,
            "fail": false,
            "pending": false,
            "code": "runner.endTest(this, done);",
            "err": {},
            "isRoot": false,
            "uuid": "10394456-6827-4983-ace7-68291f4c73d7",
            "parentUUID": "b44e8c7b-5a65-4512-850c-dbc718fceeaa",
            "isHook": true,
            "skipped": false
          }
        ],
        "fullFile": "/home/travis/build/BlockchainLabsNZ/aigang-contracts/test/contribution_test.js",
        "passes": [
          {
            "title": "#constructor accepts MiniMe instance",
            "fullTitle": "Contract: Contribution #constructor accepts MiniMe instance",
            "timedOut": false,
            "duration": 120,
            "state": "passed",
            "speed": "slow",
            "pass": true,
            "fail": false,
            "pending": false,
            "code": "step(\"throw\", err); }); } } return step(\"next\"); });",
            "err": {},
            "isRoot": false,
            "uuid": "b57faa37-5d7c-410e-8a60-c6057e74d8a3",
            "parentUUID": "b44e8c7b-5a65-4512-850c-dbc718fceeaa",
            "isHook": false,
            "skipped": false
          }
        ],
        "failures": [],
        "skipped": [],
        "hasBeforeHooks": true,
        "hasAfterHooks": true,
        "hasTests": true,
        "hasSuites": true,
        "totalTests": 1,
        "totalPasses": 1,
        "totalFailures": 0,
        "totalPending": 0,
        "totalSkipped": 0,
        "hasPasses": true,
        "hasFailures": false,
        "hasPending": false,
        "hasSkipped": false,
        "duration": 120,
        "rootEmpty": false
      },
      {
        "title": "Contract: Exchanger",
        "suites": [
          {
            "title": "collect",
            "suites": [],
            "tests": [
              {
                "title": "collect()",
                "fullTitle": "Contract: Exchanger collect collect()",
                "timedOut": false,
                "duration": 245,
                "state": "passed",
                "speed": "slow",
                "pass": true,
                "fail": false,
                "pending": false,
                "code": "step(\"throw\", err); }); } } return step(\"next\"); });",
                "err": {},
                "isRoot": false,
                "uuid": "0ca3b0c0-1fab-4c3a-9be7-ecf4d29e7d90",
                "parentUUID": "ded6adcb-9d1e-4b2e-b71b-0cf35b131d6f",
                "isHook": false,
                "skipped": false
              },
              {
                "title": "()",
                "fullTitle": "Contract: Exchanger collect ()",
                "timedOut": false,
                "duration": 235,
                "state": "passed",
                "speed": "slow",
                "pass": true,
                "fail": false,
                "pending": false,
                "code": "step(\"throw\", err); }); } } return step(\"next\"); });",
                "err": {},
                "isRoot": false,
                "uuid": "04a723c2-ba01-46f4-af11-281fe4e3f235",
                "parentUUID": "ded6adcb-9d1e-4b2e-b71b-0cf35b131d6f",
                "isHook": false,
                "skipped": false
              },
              {
                "title": "with transferable false",
                "fullTitle": "Contract: Exchanger collect with transferable false",
                "timedOut": false,
                "duration": 260,
                "state": "passed",
                "speed": "slow",
                "pass": true,
                "fail": false,
                "pending": false,
                "code": "step(\"throw\", err); }); } } return step(\"next\"); });",
                "err": {},
                "isRoot": false,
                "uuid": "c22f5b0a-47d6-4061-ba3d-556dcd26f8aa",
                "parentUUID": "ded6adcb-9d1e-4b2e-b71b-0cf35b131d6f",
                "isHook": false,
                "skipped": false
              },
              {
                "title": "with transferable true",
                "fullTitle": "Contract: Exchanger collect with transferable true",
                "timedOut": false,
                "duration": 281,
                "state": "passed",
                "speed": "slow",
                "pass": true,
                "fail": false,
                "pending": false,
                "code": "step(\"throw\", err); }); } } return step(\"next\"); });",
                "err": {},
                "isRoot": false,
                "uuid": "aafe4f40-6196-4c52-b3e0-07ef8aec1759",
                "parentUUID": "ded6adcb-9d1e-4b2e-b71b-0cf35b131d6f",
                "isHook": false,
                "skipped": false
              }
            ],
            "pending": [],
            "root": false,
            "_timeout": 300000,
            "file": "/test/exchanger_test.js",
            "uuid": "ded6adcb-9d1e-4b2e-b71b-0cf35b131d6f",
            "beforeHooks": [
              {
                "title": "\"before all\" hook",
                "fullTitle": "Contract: Exchanger collect \"before all\" hook",
                "timedOut": false,
                "duration": 34,
                "pass": false,
                "fail": false,
                "pending": false,
                "code": "step(\"throw\", err); }); } } return step(\"next\"); });",
                "err": {},
                "isRoot": false,
                "uuid": "fa5fdfe4-516f-4fe8-b317-334b78e4dda0",
                "parentUUID": "ded6adcb-9d1e-4b2e-b71b-0cf35b131d6f",
                "isHook": true,
                "skipped": false
              },
              {
                "title": "\"before each\" hook",
                "fullTitle": "Contract: Exchanger collect \"before each\" hook",
                "timedOut": false,
                "duration": 800,
                "pass": false,
                "fail": false,
                "pending": false,
                "code": "step(\"throw\", err); }); } } return step(\"next\"); });",
                "err": {},
                "isRoot": false,
                "uuid": "12c9b60c-e1ee-4c57-a558-3fed1a05b79b",
                "parentUUID": "ded6adcb-9d1e-4b2e-b71b-0cf35b131d6f",
                "isHook": true,
                "skipped": false
              }
            ],
            "afterHooks": [],
            "fullFile": "/home/travis/build/BlockchainLabsNZ/aigang-contracts/test/exchanger_test.js",
            "passes": [
              {
                "title": "collect()",
                "fullTitle": "Contract: Exchanger collect collect()",
                "timedOut": false,
                "duration": 245,
                "state": "passed",
                "speed": "slow",
                "pass": true,
                "fail": false,
                "pending": false,
                "code": "step(\"throw\", err); }); } } return step(\"next\"); });",
                "err": {},
                "isRoot": false,
                "uuid": "0ca3b0c0-1fab-4c3a-9be7-ecf4d29e7d90",
                "parentUUID": "ded6adcb-9d1e-4b2e-b71b-0cf35b131d6f",
                "isHook": false,
                "skipped": false
              },
              {
                "title": "()",
                "fullTitle": "Contract: Exchanger collect ()",
                "timedOut": false,
                "duration": 235,
                "state": "passed",
                "speed": "slow",
                "pass": true,
                "fail": false,
                "pending": false,
                "code": "step(\"throw\", err); }); } } return step(\"next\"); });",
                "err": {},
                "isRoot": false,
                "uuid": "04a723c2-ba01-46f4-af11-281fe4e3f235",
                "parentUUID": "ded6adcb-9d1e-4b2e-b71b-0cf35b131d6f",
                "isHook": false,
                "skipped": false
              },
              {
                "title": "with transferable false",
                "fullTitle": "Contract: Exchanger collect with transferable false",
                "timedOut": false,
                "duration": 260,
                "state": "passed",
                "speed": "slow",
                "pass": true,
                "fail": false,
                "pending": false,
                "code": "step(\"throw\", err); }); } } return step(\"next\"); });",
                "err": {},
                "isRoot": false,
                "uuid": "c22f5b0a-47d6-4061-ba3d-556dcd26f8aa",
                "parentUUID": "ded6adcb-9d1e-4b2e-b71b-0cf35b131d6f",
                "isHook": false,
                "skipped": false
              },
              {
                "title": "with transferable true",
                "fullTitle": "Contract: Exchanger collect with transferable true",
                "timedOut": false,
                "duration": 281,
                "state": "passed",
                "speed": "slow",
                "pass": true,
                "fail": false,
                "pending": false,
                "code": "step(\"throw\", err); }); } } return step(\"next\"); });",
                "err": {},
                "isRoot": false,
                "uuid": "aafe4f40-6196-4c52-b3e0-07ef8aec1759",
                "parentUUID": "ded6adcb-9d1e-4b2e-b71b-0cf35b131d6f",
                "isHook": false,
                "skipped": false
              }
            ],
            "failures": [],
            "skipped": [],
            "hasBeforeHooks": true,
            "hasAfterHooks": false,
            "hasTests": true,
            "hasSuites": false,
            "totalTests": 4,
            "totalPasses": 4,
            "totalFailures": 0,
            "totalPending": 0,
            "totalSkipped": 0,
            "hasPasses": true,
            "hasFailures": false,
            "hasPending": false,
            "hasSkipped": false,
            "duration": 1021,
            "rootEmpty": false
          }
        ],
        "tests": [],
        "pending": [],
        "root": false,
        "_timeout": 300000,
        "file": "/test/exchanger_test.js",
        "uuid": "d35e3b86-14b2-4e2e-9094-228709219a1f",
        "beforeHooks": [
          {
            "title": "\"before all\" hook: prepare suite",
            "fullTitle": "Contract: Exchanger \"before all\" hook: prepare suite",
            "timedOut": false,
            "duration": 1009,
            "pass": false,
            "fail": false,
            "pending": false,
            "code": "this.timeout(runner.BEFORE_TIMEOUT);\nrunner.initialize(done);",
            "err": {},
            "isRoot": false,
            "uuid": "1ad46164-7ce5-49bd-b10b-0a5b0480c440",
            "parentUUID": "d35e3b86-14b2-4e2e-9094-228709219a1f",
            "isHook": true,
            "skipped": false
          },
          {
            "title": "\"before each\" hook: before test",
            "fullTitle": "Contract: Exchanger \"before each\" hook: before test",
            "timedOut": false,
            "duration": 3,
            "pass": false,
            "fail": false,
            "pending": false,
            "code": "runner.startTest(this, done);",
            "err": {},
            "isRoot": false,
            "uuid": "1245e7be-5be0-430a-a234-50b46184b0ac",
            "parentUUID": "d35e3b86-14b2-4e2e-9094-228709219a1f",
            "isHook": true,
            "skipped": false
          }
        ],
        "afterHooks": [
          {
            "title": "\"after each\" hook: after test",
            "fullTitle": "Contract: Exchanger \"after each\" hook: after test",
            "timedOut": false,
            "duration": 0,
            "pass": false,
            "fail": false,
            "pending": false,
            "code": "runner.endTest(this, done);",
            "err": {},
            "isRoot": false,
            "uuid": "0afdce13-4fff-4c4f-a544-34fb9d711fba",
            "parentUUID": "d35e3b86-14b2-4e2e-9094-228709219a1f",
            "isHook": true,
            "skipped": false
          }
        ],
        "fullFile": "/home/travis/build/BlockchainLabsNZ/aigang-contracts/test/exchanger_test.js",
        "passes": [],
        "failures": [],
        "skipped": [],
        "hasBeforeHooks": true,
        "hasAfterHooks": true,
        "hasTests": false,
        "hasSuites": true,
        "totalTests": 0,
        "totalPasses": 0,
        "totalFailures": 0,
        "totalPending": 0,
        "totalSkipped": 0,
        "hasPasses": false,
        "hasFailures": false,
        "hasPending": false,
        "hasSkipped": false,
        "duration": 0,
        "rootEmpty": false
      },
      {
        "title": "Contract: Holder",
        "suites": [
          {
            "title": "#finalize",
            "suites": [],
            "tests": [
              {
                "title": "Final Balances",
                "fullTitle": "Contract: Holder #finalize Final Balances",
                "timedOut": false,
                "duration": 215,
                "state": "passed",
                "speed": "slow",
                "pass": true,
                "fail": false,
                "pending": false,
                "code": "step(\"throw\", err); }); } } return step(\"next\"); });",
                "err": {},
                "isRoot": false,
                "uuid": "730dc24d-2eba-4aaf-b3cd-4244697c667c",
[...]
    {
      "title": "#constructor accepts MiniMe instance",
      "fullTitle": "Contract: Contribution #constructor accepts MiniMe instance",
      "timedOut": false,
      "duration": 120,
      "state": "passed",
      "speed": "slow",
      "pass": true,
      "fail": false,
      "pending": false,
      "code": "step(\"throw\", err); }); } } return step(\"next\"); });",
      "err": {},
      "isRoot": false,
      "uuid": "b57faa37-5d7c-410e-8a60-c6057e74d8a3",
      "parentUUID": "b44e8c7b-5a65-4512-850c-dbc718fceeaa",
      "isHook": false,
      "skipped": false
    },
    {
      "title": "happy path",
      "fullTitle": "#initialize happy path",
      "timedOut": false,
      "duration": 659,
      "state": "passed",
      "speed": "slow",
      "pass": true,
      "fail": false,
      "pending": false,
      "code": "step(\"throw\", err); }); } } return step(\"next\"); });",
      "err": {},
      "isRoot": false,
      "uuid": "77f6131e-b51c-4a25-b58c-c306a0bc25d9",
      "parentUUID": "b4300a67-58f5-4d44-a926-52c3b1f44632",
      "isHook": false,
      "skipped": false
    },
    {
      "title": "throws when you try to dobule initialize",
      "fullTitle": "#initialize throws when you try to dobule initialize",
      "timedOut": false,
      "duration": 422,
      "state": "passed",
      "speed": "slow",
      "pass": true,
      "fail": false,
      "pending": false,
      "code": "step(\"throw\", err); }); } } return step(\"next\"); });",
      "err": {},
      "isRoot": false,
      "uuid": "b0ede767-76e8-48a5-a517-8ae6434403af",
      "parentUUID": "b4300a67-58f5-4d44-a926-52c3b1f44632",
      "isHook": false,
      "skipped": false
    },
    {
      "title": "throws when controller of aix is not contribution",
      "fullTitle": "#initialize throws when controller of aix is not contribution",
      "timedOut": false,
      "duration": 226,
      "state": "passed",
      "speed": "slow",
      "pass": true,
      "fail": false,
      "pending": false,
      "code": "step(\"throw\", err); }); } } return step(\"next\"); });",
      "err": {},
      "isRoot": false,
      "uuid": "d2ffc5d2-8767-4371-b30c-497e3f0d209c",
      "parentUUID": "b4300a67-58f5-4d44-a926-52c3b1f44632",
      "isHook": false,
      "skipped": false
    },
    {
      "title": "throws startTime is less then currentTime",
      "fullTitle": "#initialize throws startTime is less then currentTime",
      "timedOut": false,
      "duration": 266,
      "state": "passed",
      "speed": "slow",
      "pass": true,
      "fail": false,
      "pending": false,
      "code": "step(\"throw\", err); }); } } return step(\"next\"); });",
      "err": {},
      "isRoot": false,
      "uuid": "6dcfcafe-0a46-4884-9e9e-67880f755895",
      "parentUUID": "b4300a67-58f5-4d44-a926-52c3b1f44632",
      "isHook": false,
      "skipped": false
    },
    {
      "title": "throws totalWeiCap is 0",
      "fullTitle": "#initialize throws totalWeiCap is 0",
      "timedOut": false,
      "duration": 300,
      "state": "passed",
      "speed": "slow",
      "pass": true,
      "fail": false,
      "pending": false,
      "code": "step(\"throw\", err); }); } } return step(\"next\"); });",
      "err": {},
      "isRoot": false,
      "uuid": "e64e3aa1-ec29-440f-8017-bfaee4c84eda",
      "parentUUID": "b4300a67-58f5-4d44-a926-52c3b1f44632",
      "isHook": false,
      "skipped": false
    },
    {
      "title": "throws when startTime > endTime",
      "fullTitle": "#initialize throws when startTime > endTime",
      "timedOut": false,
      "duration": 285,
      "state": "passed",
      "speed": "slow",
      "pass": true,
      "fail": false,
      "pending": false,
      "code": "step(\"throw\", err); }); } } return step(\"next\"); });",
      "err": {},
      "isRoot": false,
      "uuid": "f2105ff5-98d5-430d-9696-4502f12feb09",
      "parentUUID": "b4300a67-58f5-4d44-a926-52c3b1f44632",
      "isHook": false,
      "skipped": false
    },
    {
      "title": "White and blacklisting investors",
      "fullTitle": "#initialize White and blacklisting investors",
      "timedOut": false,
      "duration": 226,
      "state": "passed",
      "speed": "slow",
      "pass": true,
      "fail": false,
      "pending": false,
      "code": "step(\"throw\", err); }); } } return step(\"next\"); });",
      "err": {},
      "isRoot": false,
      "uuid": "0869e262-2795-44fc-94c4-25d6c5c41343",
      "parentUUID": "b4300a67-58f5-4d44-a926-52c3b1f44632",
      "isHook": false,
      "skipped": false
    },
    {
      "title": "calculates different discount rates based on time ",
      "fullTitle": "#exchangeRate calculates different discount rates based on time ",
      "timedOut": false,
      "duration": 362,
      "state": "passed",
      "speed": "slow",
      "pass": true,
      "fail": false,
      "pending": false,
      "code": "step(\"throw\", err); }); } } return step(\"next\"); });",
      "err": {},
      "isRoot": false,
      "uuid": "e8aa76ee-235b-4596-8878-021c0668ab06",
      "parentUUID": "8c2911ae-e6ab-4459-bdb4-28470e9176fc",
      "isHook": false,
      "skipped": false
    },
    {
      "title": "calculates different bonuses based on percentage",
      "fullTitle": "#exchangeRate calculates different bonuses based on percentage",
      "timedOut": false,
      "duration": 568,
      "state": "passed",
      "speed": "slow",
      "pass": true,
      "fail": false,
      "pending": false,
      "code": "step(\"throw\", err); }); } } return step(\"next\"); });",
      "err": {},
      "isRoot": false,
      "uuid": "e6f1343f-8840-4729-9829-8d142d571a72",
      "parentUUID": "8c2911ae-e6ab-4459-bdb4-28470e9176fc",
      "isHook": false,
      "skipped": false
    },
    {
      "title": "happy path with fallback",
      "fullTitle": "#proxyPayment happy path with fallback",
      "timedOut": false,
      "duration": 446,
      "state": "passed",
      "speed": "slow",
      "pass": true,
      "fail": false,
      "pending": false,
      "code": "step(\"throw\", err); }); } } return step(\"next\"); });",
      "err": {},
      "isRoot": false,
      "uuid": "5ee587a4-da2d-4b1a-9e57-241eec4f075d",
      "parentUUID": "05a54fd3-50a1-415e-a88b-95a2844f8a55",
      "isHook": false,
      "skipped": false
    },
    {
      "title": "throws when below sendingAmount",
      "fullTitle": "#proxyPayment throws when below sendingAmount",
      "timedOut": false,
      "duration": 267,
      "state": "passed",
      "speed": "slow",
      "pass": true,
      "fail": false,
      "pending": false,
      "code": "step(\"throw\", err); }); } } return step(\"next\"); });",
      "err": {},
      "isRoot": false,
      "uuid": "4bae09f1-2dd4-47e5-ad51-41aca26cae87",
      "parentUUID": "05a54fd3-50a1-415e-a88b-95a2844f8a55",
      "isHook": false,
      "skipped": false
    },
    {
      "title": "accepts 0.01 ether",
      "fullTitle": "#proxyPayment accepts 0.01 ether",
      "timedOut": false,
      "duration": 214,
      "state": "passed",
      "speed": "slow",
      "pass": true,
      "fail": false,
      "pending": false,
      "code": "step(\"throw\", err); }); } } return step(\"next\"); });",
      "err": {},
      "isRoot": false,
      "uuid": "a263e923-8ab9-463b-bba9-39ed6cc3b80d",
      "parentUUID": "05a54fd3-50a1-415e-a88b-95a2844f8a55",
      "isHook": false,
      "skipped": false
    },
    {
      "title": "allows multisig to buy tokens",
      "fullTitle": "#proxyPayment allows multisig to buy tokens",
      "timedOut": false,
      "duration": 489,
      "state": "passed",
      "speed": "slow",
      "pass": true,
      "fail": false,
      "pending": false,
      "code": "step(\"throw\", err); }); } } return step(\"next\"); });",
      "err": {},
      "isRoot": false,
      "uuid": "e3be67fe-37bd-4c42-b20c-e177dfd5ae02",
      "parentUUID": "05a54fd3-50a1-415e-a88b-95a2844f8a55",
      "isHook": false,
      "skipped": false
    },
    {
      "title": "contribution wallet should receive funds",
      "fullTitle": "#proxyPayment contribution wallet should receive funds",
      "timedOut": false,
      "duration": 633,
      "state": "passed",
      "speed": "slow",
      "pass": true,
      "fail": false,
      "pending": false,
      "code": "step(\"throw\", err); }); } } return step(\"next\"); });",
      "err": {},
      "isRoot": false,
      "uuid": "cf12a47e-1b42-40ad-8302-80715ba032b9",
      "parentUUID": "05a54fd3-50a1-415e-a88b-95a2844f8a55",
      "isHook": false,
      "skipped": false
    },
    {
      "title": "throws when endDate is reached",
      "fullTitle": "#proxyPayment throws when endDate is reached",
      "timedOut": false,
      "duration": 219,
      "state": "passed",
      "speed": "slow",
      "pass": true,
      "fail": false,
      "pending": false,
      "code": "step(\"throw\", err); }); } } return step(\"next\"); });",
      "err": {},
      "isRoot": false,
      "uuid": "6088a1cd-9c26-4a73-8e10-9c3eee46a1eb",
      "parentUUID": "05a54fd3-50a1-415e-a88b-95a2844f8a55",
      "isHook": false,
      "skipped": false
    },
    {
      "title": "sends change back to investors if he buys more than cap",
      "fullTitle": "#proxyPayment sends change back to investors if he buys more than cap",
      "timedOut": false,
      "duration": 1217,
      "state": "passed",
      "speed": "slow",
      "pass": true,
      "fail": false,
      "pending": false,
      "code": "step(\"throw\", err); }); } } return step(\"next\"); });",
      "err": {},
      "isRoot": false,
      "uuid": "ce865b09-b843-47c0-b2d4-855366290838",
      "parentUUID": "05a54fd3-50a1-415e-a88b-95a2844f8a55",
      "isHook": false,
      "skipped": false
    },
    {
      "title": "#weiToCollect(investor) within first day sets a cap for every investor",
      "fullTitle": "the rest #weiToCollect(investor) within first day sets a cap for every investor",
      "timedOut": false,
      "duration": 357,
      "state": "passed",
      "speed": "slow",
      "pass": true,
      "fail": false,
      "pending": false,
      "code": "step(\"throw\", err); }); } } return step(\"next\"); });",
      "err": {},
      "isRoot": false,
      "uuid": "fdc46bf8-eace-4fd1-a8f0-3365b3578791",
      "parentUUID": "bfff532b-2194-41f2-ba2b-0399dc9df573",
      "isHook": false,
      "skipped": false
    },
    {
      "title": "#weiToCollect() returns remaining cap",
      "fullTitle": "the rest #weiToCollect() returns remaining cap",
      "timedOut": false,
      "duration": 254,
      "state": "passed",
      "speed": "slow",
      "pass": true,
      "fail": false,
      "pending": false,
      "code": "step(\"throw\", err); }); } } return step(\"next\"); });",
      "err": {},
      "isRoot": false,
      "uuid": "3184e2b5-6b84-470b-839a-7f3894b00cb9",
      "parentUUID": "bfff532b-2194-41f2-ba2b-0399dc9df573",
      "isHook": false,
      "skipped": false
    },
    {
      "title": "pauses contribution",
      "fullTitle": "the rest pauses contribution",
      "timedOut": false,
      "duration": 508,
      "state": "passed",
      "speed": "slow",
      "pass": true,
      "fail": false,
      "pending": false,
      "code": "step(\"throw\", err); }); } } return step(\"next\"); });",
      "err": {},
      "isRoot": false,
      "uuid": "d02fcd96-8abf-4bfb-9558-6a56336740a1",
      "parentUUID": "bfff532b-2194-41f2-ba2b-0399dc9df573",
      "isHook": false,
      "skipped": false
    },
    {
      "title": "if false, no transfers should be allowed",
      "fullTitle": "#allowTransfers if false, no transfers should be allowed",
      "timedOut": false,
      "duration": 747,
      "state": "passed",
      "speed": "slow",
      "pass": true,
      "fail": false,
      "pending": false,
      "code": "step(\"throw\", err); }); } } return step(\"next\"); });",
      "err": {},
      "isRoot": false,
      "uuid": "a7a41f8b-0f37-4068-925f-90c0e6a6c5ca",
      "parentUUID": "cf64bbe6-3ca4-481e-a74c-6744ec79d12e",
      "isHook": false,
      "skipped": false
    },
    {
      "title": "can only be called once",
      "fullTitle": "#finalize can only be called once",
      "timedOut": false,
      "duration": 367,
      "state": "passed",
      "speed": "slow",
      "pass": true,
      "fail": false,
      "pending": false,
      "code": "step(\"throw\", err); }); } } return step(\"next\"); });",
      "err": {},
      "isRoot": false,
      "uuid": "95f3cff1-7659-4910-9836-dca93e5abfb3",
      "parentUUID": "0fb94129-b4cc-46b8-9d1b-4b863caaa538",
      "isHook": false,
      "skipped": false
    },
    {
      "title": "can be called by anyone after endTime",
      "fullTitle": "#finalize can be called by anyone after endTime",
      "timedOut": false,
      "duration": 395,
      "state": "passed",
      "speed": "slow",
      "pass": true,
      "fail": false,
      "pending": false,
      "code": "step(\"throw\", err); }); } } return step(\"next\"); });",
      "err": {},
      "isRoot": false,
      "uuid": "20e7c8cc-368c-4d04-86af-172ffeaac1f5",
      "parentUUID": "0fb94129-b4cc-46b8-9d1b-4b863caaa538",
      "isHook": false,
      "skipped": false
    },
    {
      "title": "can be called when cap is met by anyone",
      "fullTitle": "#finalize can be called when cap is met by anyone",
      "timedOut": false,
      "duration": 336,
      "state": "passed",
      "speed": "slow",
      "pass": true,
      "fail": false,
      "pending": false,
      "code": "step(\"throw\", err); }); } } return step(\"next\"); });",
      "err": {},
      "isRoot": false,
      "uuid": "9084dc8b-77de-4d89-a373-2a7ee2c55865",
      "parentUUID": "0fb94129-b4cc-46b8-9d1b-4b863caaa538",
      "isHook": false,
      "skipped": false
    },
    {
      "title": "generates tokens to wallets",
      "fullTitle": "#finalize generates tokens to wallets",
      "timedOut": false,
      "duration": 562,
      "state": "passed",
      "speed": "slow",
      "pass": true,
      "fail": false,
      "pending": false,
      "code": "step(\"throw\", err); }); } } return step(\"next\"); });",
      "err": {},
      "isRoot": false,
      "uuid": "78358192-a7fa-4577-bced-417500258322",
      "parentUUID": "0fb94129-b4cc-46b8-9d1b-4b863caaa538",
      "isHook": false,
      "skipped": false
    },
    {
      "title": "should whitelist an array of addresses",
      "fullTitle": "#whitelistAddresses should whitelist an array of addresses",
      "timedOut": false,
      "duration": 378,
      "state": "passed",
      "speed": "slow",
      "pass": true,
      "fail": false,
      "pending": false,
      "code": "step(\"throw\", err); }); } } return step(\"next\"); });",
      "err": {},
      "isRoot": false,
      "uuid": "6f5b15f5-2875-422a-8c9b-e04ddc85061d",
      "parentUUID": "3e3c672a-6288-4aa9-b0ee-d1d104792461",
      "isHook": false,
      "skipped": false
    },
    {
      "title": "can only be called from controller",
      "fullTitle": "#whitelistAddresses can only be called from controller",
      "timedOut": false,
      "duration": 331,
      "state": "passed",
      "speed": "slow",
      "pass": true,
      "fail": false,
      "pending": false,
      "code": "step(\"throw\", err); }); } } return step(\"next\"); });",
      "err": {},
      "isRoot": false,
      "uuid": "c567d011-6cf6-4a31-be9c-a50d76304165",
      "parentUUID": "3e3c672a-6288-4aa9-b0ee-d1d104792461",
      "isHook": false,
      "skipped": false
    },
    {
      "title": "increments numWhitelistedInvestors when whitelisted",
      "fullTitle": "#whitelistAddresses increments numWhitelistedInvestors when whitelisted",
      "timedOut": false,
      "duration": 168,
      "state": "passed",
      "speed": "slow",
      "pass": true,
      "fail": false,
      "pending": false,
      "code": "step(\"throw\", err); }); } } return step(\"next\"); });",
      "err": {},
      "isRoot": false,
      "uuid": "5de5299c-f166-41a2-affd-a74f5995f8c3",
      "parentUUID": "3e3c672a-6288-4aa9-b0ee-d1d104792461",
      "isHook": false,
      "skipped": false
    },
    {
      "title": "decrements numWhitelistedInvestors when blacklisted",
      "fullTitle": "#whitelistAddresses decrements numWhitelistedInvestors when blacklisted",
      "timedOut": false,
      "duration": 229,
      "state": "passed",
      "speed": "slow",
      "pass": true,
      "fail": false,
      "pending": false,
      "code": "step(\"throw\", err); }); } } return step(\"next\"); });",
      "err": {},
      "isRoot": false,
      "uuid": "c027602b-8244-4470-a77e-3a32d15d7eba",
      "parentUUID": "3e3c672a-6288-4aa9-b0ee-d1d104792461",
      "isHook": false,
      "skipped": false
    },
    {
      "title": "collect()",
      "fullTitle": "collect collect()",
      "timedOut": false,
      "duration": 245,
      "state": "passed",
      "speed": "slow",
      "pass": true,
      "fail": false,
      "pending": false,
      "code": "step(\"throw\", err); }); } } return step(\"next\"); });",
      "err": {},
      "isRoot": false,
      "uuid": "0ca3b0c0-1fab-4c3a-9be7-ecf4d29e7d90",
      "parentUUID": "ded6adcb-9d1e-4b2e-b71b-0cf35b131d6f",
      "isHook": false,
      "skipped": false
    },
    {
      "title": "()",
      "fullTitle": "collect ()",
      "timedOut": false,
      "duration": 235,
      "state": "passed",
      "speed": "slow",
      "pass": true,
      "fail": false,
      "pending": false,
      "code": "step(\"throw\", err); }); } } return step(\"next\"); });",
      "err": {},
      "isRoot": false,
      "uuid": "04a723c2-ba01-46f4-af11-281fe4e3f235",
      "parentUUID": "ded6adcb-9d1e-4b2e-b71b-0cf35b131d6f",
      "isHook": false,
      "skipped": false
    },
    {
      "title": "with transferable false",
      "fullTitle": "collect with transferable false",
      "timedOut": false,
      "duration": 260,
      "state": "passed",
      "speed": "slow",
      "pass": true,
      "fail": false,
      "pending": false,
      "code": "step(\"throw\", err); }); } } return step(\"next\"); });",
      "err": {},
      "isRoot": false,
      "uuid": "c22f5b0a-47d6-4061-ba3d-556dcd26f8aa",
      "parentUUID": "ded6adcb-9d1e-4b2e-b71b-0cf35b131d6f",
      "isHook": false,
      "skipped": false
    },
    {
      "title": "with transferable true",
      "fullTitle": "collect with transferable true",
      "timedOut": false,
      "duration": 281,
      "state": "passed",
      "speed": "slow",
      "pass": true,
      "fail": false,
      "pending": false,
      "code": "step(\"throw\", err); }); } } return step(\"next\"); });",
      "err": {},
      "isRoot": false,
      "uuid": "aafe4f40-6196-4c52-b3e0-07ef8aec1759",
      "parentUUID": "ded6adcb-9d1e-4b2e-b71b-0cf35b131d6f",
      "isHook": false,
      "skipped": false
    },
    {
      "title": "Final Balances",
      "fullTitle": "#finalize Final Balances",
      "timedOut": false,
      "duration": 215,
      "state": "passed",
      "speed": "slow",
      "pass": true,
      "fail": false,
      "pending": false,
      "code": "step(\"throw\", err); }); } } return step(\"next\"); });",
      "err": {},
      "isRoot": false,
      "uuid": "730dc24d-2eba-4aaf-b3cd-4244697c667c",
      "parentUUID": "94352007-b9fe-49ae-aa43-815b716970cf",
      "isHook": false,
      "skipped": false
    },
    {
      "title": "Remainder can only access Tokens after a year",
      "fullTitle": "#finalize Remainder can only access Tokens after a year",
      "timedOut": false,
      "duration": 859,
      "state": "passed",
      "speed": "slow",
      "pass": true,
      "fail": false,
      "pending": false,
      "code": "step(\"throw\", err); }); } } return step(\"next\"); });",
      "err": {},
      "isRoot": false,
      "uuid": "8d4f37a8-47f5-44d3-8821-c2d3f1ce3b16",
      "parentUUID": "94352007-b9fe-49ae-aa43-815b716970cf",
      "isHook": false,
      "skipped": false
    }
  ],
  "allFailures": [],
  "copyrightYear": 2017
}